<?xml version="1.0" encoding="UTF-8"?>
<testsuite xmlns:xsi="http://www.w3.org/2001/XMLSchema-instance" xsi:noNamespaceSchemaLocation="https://maven.apache.org/surefire/maven-surefire-plugin/xsd/surefire-test-report.xsd" name="com.example.demo.MsHelloworldApplicationTests" time="1.336" tests="1" errors="0" skipped="0" failures="0">
  <properties>
    <property name="sun.desktop" value="windows"/>
    <property name="awt.toolkit" value="sun.awt.windows.WToolkit"/>
    <property name="file.encoding.pkg" value="sun.io"/>
    <property name="java.specification.version" value="1.8"/>
    <property name="sun.cpu.isalist" value="amd64"/>
    <property name="sun.jnu.encoding" value="GBK"/>
    <property name="java.class.path" value="D:\workspacetest\ms-helloworld\target\test-classes;D:\workspacetest\ms-helloworld\target\classes;D:\maventest_jar\org\springframework\boot\spring-boot-starter\2.0.2.RELEASE\spring-boot-starter-2.0.2.RELEASE.jar;D:\maventest_jar\org\springframework\boot\spring-boot\2.0.2.RELEASE\spring-boot-2.0.2.RELEASE.jar;D:\maventest_jar\org\springframework\spring-context\5.0.6.RELEASE\spring-context-5.0.6.RELEASE.jar;D:\maventest_jar\org\springframework\spring-aop\5.0.6.RELEASE\spring-aop-5.0.6.RELEASE.jar;D:\maventest_jar\org\springframework\spring-beans\5.0.6.RELEASE\spring-beans-5.0.6.RELEASE.jar;D:\maventest_jar\org\springframework\spring-expression\5.0.6.RELEASE\spring-expression-5.0.6.RELEASE.jar;D:\maventest_jar\org\springframework\boot\spring-boot-autoconfigure\2.0.2.RELEASE\spring-boot-autoconfigure-2.0.2.RELEASE.jar;D:\maventest_jar\org\springframework\boot\spring-boot-starter-logging\2.0.2.RELEASE\spring-boot-starter-logging-2.0.2.RELEASE.jar;D:\maventest_jar\ch\qos\logback\logback-classic\1.2.3\logback-classic-1.2.3.jar;D:\maventest_jar\ch\qos\logback\logback-core\1.2.3\logback-core-1.2.3.jar;D:\maventest_jar\org\apache\logging\log4j\log4j-to-slf4j\2.10.0\log4j-to-slf4j-2.10.0.jar;D:\maventest_jar\org\apache\logging\log4j\log4j-api\2.10.0\log4j-api-2.10.0.jar;D:\maventest_jar\org\slf4j\jul-to-slf4j\1.7.25\jul-to-slf4j-1.7.25.jar;D:\maventest_jar\javax\annotation\javax.annotation-api\1.3.2\javax.annotation-api-1.3.2.jar;D:\maventest_jar\org\springframework\spring-core\5.0.6.RELEASE\spring-core-5.0.6.RELEASE.jar;D:\maventest_jar\org\springframework\spring-jcl\5.0.6.RELEASE\spring-jcl-5.0.6.RELEASE.jar;D:\maventest_jar\org\yaml\snakeyaml\1.19\snakeyaml-1.19.jar;D:\maventest_jar\org\springframework\boot\spring-boot-starter-test\2.0.2.RELEASE\spring-boot-starter-test-2.0.2.RELEASE.jar;D:\maventest_jar\org\springframework\boot\spring-boot-test\2.0.2.RELEASE\spring-boot-test-2.0.2.RELEASE.jar;D:\maventest_jar\org\springframework\boot\spring-boot-test-autoconfigure\2.0.2.RELEASE\spring-boot-test-autoconfigure-2.0.2.RELEASE.jar;D:\maventest_jar\com\jayway\jsonpath\json-path\2.4.0\json-path-2.4.0.jar;D:\maventest_jar\net\minidev\json-smart\2.3\json-smart-2.3.jar;D:\maventest_jar\net\minidev\accessors-smart\1.2\accessors-smart-1.2.jar;D:\maventest_jar\org\ow2\asm\asm\5.0.4\asm-5.0.4.jar;D:\maventest_jar\org\slf4j\slf4j-api\1.7.25\slf4j-api-1.7.25.jar;D:\maventest_jar\junit\junit\4.12\junit-4.12.jar;D:\maventest_jar\org\assertj\assertj-core\3.9.1\assertj-core-3.9.1.jar;D:\maventest_jar\org\mockito\mockito-core\2.15.0\mockito-core-2.15.0.jar;D:\maventest_jar\net\bytebuddy\byte-buddy\1.7.11\byte-buddy-1.7.11.jar;D:\maventest_jar\net\bytebuddy\byte-buddy-agent\1.7.11\byte-buddy-agent-1.7.11.jar;D:\maventest_jar\org\objenesis\objenesis\2.6\objenesis-2.6.jar;D:\maventest_jar\org\hamcrest\hamcrest-core\1.3\hamcrest-core-1.3.jar;D:\maventest_jar\org\hamcrest\hamcrest-library\1.3\hamcrest-library-1.3.jar;D:\maventest_jar\org\skyscreamer\jsonassert\1.5.0\jsonassert-1.5.0.jar;D:\maventest_jar\com\vaadin\external\google\android-json\0.0.20131108.vaadin1\android-json-0.0.20131108.vaadin1.jar;D:\maventest_jar\org\springframework\spring-test\5.0.6.RELEASE\spring-test-5.0.6.RELEASE.jar;D:\maventest_jar\org\xmlunit\xmlunit-core\2.5.1\xmlunit-core-2.5.1.jar;"/>
    <property name="java.vm.vendor" value="Oracle Corporation"/>
    <property name="sun.arch.data.model" value="64"/>
    <property name="user.variant" value=""/>
    <property name="java.vendor.url" value="http://java.oracle.com/"/>
    <property name="user.timezone" value=""/>
    <property name="java.vm.specification.version" value="1.8"/>
    <property name="os.name" value="Windows 7"/>
    <property name="user.country" value="CN"/>
    <property name="sun.java.launcher" value="SUN_STANDARD"/>
    <property name="sun.boot.library.path" value="C:\Program Files\Java\jdk1.8.0_66\jre\bin"/>
    <property name="sun.java.command" value="C:\Users\KSD\AppData\Local\Temp\surefire5384179600469736380\surefirebooter5582483255538743809.jar C:\Users\KSD\AppData\Local\Temp\surefire5384179600469736380 2018-06-14T10-16-33_418-jvmRun1 surefire2877644245724902535tmp surefire_03991281301093948852tmp"/>
    <property name="surefire.test.class.path" value="D:\workspacetest\ms-helloworld\target\test-classes;D:\workspacetest\ms-helloworld\target\classes;D:\maventest_jar\org\springframework\boot\spring-boot-starter\2.0.2.RELEASE\spring-boot-starter-2.0.2.RELEASE.jar;D:\maventest_jar\org\springframework\boot\spring-boot\2.0.2.RELEASE\spring-boot-2.0.2.RELEASE.jar;D:\maventest_jar\org\springframework\spring-context\5.0.6.RELEASE\spring-context-5.0.6.RELEASE.jar;D:\maventest_jar\org\springframework\spring-aop\5.0.6.RELEASE\spring-aop-5.0.6.RELEASE.jar;D:\maventest_jar\org\springframework\spring-beans\5.0.6.RELEASE\spring-beans-5.0.6.RELEASE.jar;D:\maventest_jar\org\springframework\spring-expression\5.0.6.RELEASE\spring-expression-5.0.6.RELEASE.jar;D:\maventest_jar\org\springframework\boot\spring-boot-autoconfigure\2.0.2.RELEASE\spring-boot-autoconfigure-2.0.2.RELEASE.jar;D:\maventest_jar\org\springframework\boot\spring-boot-starter-logging\2.0.2.RELEASE\spring-boot-starter-logging-2.0.2.RELEASE.jar;D:\maventest_jar\ch\qos\logback\logback-classic\1.2.3\logback-classic-1.2.3.jar;D:\maventest_jar\ch\qos\logback\logback-core\1.2.3\logback-core-1.2.3.jar;D:\maventest_jar\org\apache\logging\log4j\log4j-to-slf4j\2.10.0\log4j-to-slf4j-2.10.0.jar;D:\maventest_jar\org\apache\logging\log4j\log4j-api\2.10.0\log4j-api-2.10.0.jar;D:\maventest_jar\org\slf4j\jul-to-slf4j\1.7.25\jul-to-slf4j-1.7.25.jar;D:\maventest_jar\javax\annotation\javax.annotation-api\1.3.2\javax.annotation-api-1.3.2.jar;D:\maventest_jar\org\springframework\spring-core\5.0.6.RELEASE\spring-core-5.0.6.RELEASE.jar;D:\maventest_jar\org\springframework\spring-jcl\5.0.6.RELEASE\spring-jcl-5.0.6.RELEASE.jar;D:\maventest_jar\org\yaml\snakeyaml\1.19\snakeyaml-1.19.jar;D:\maventest_jar\org\springframework\boot\spring-boot-starter-test\2.0.2.RELEASE\spring-boot-starter-test-2.0.2.RELEASE.jar;D:\maventest_jar\org\springframework\boot\spring-boot-test\2.0.2.RELEASE\spring-boot-test-2.0.2.RELEASE.jar;D:\maventest_jar\org\springframework\boot\spring-boot-test-autoconfigure\2.0.2.RELEASE\spring-boot-test-autoconfigure-2.0.2.RELEASE.jar;D:\maventest_jar\com\jayway\jsonpath\json-path\2.4.0\json-path-2.4.0.jar;D:\maventest_jar\net\minidev\json-smart\2.3\json-smart-2.3.jar;D:\maventest_jar\net\minidev\accessors-smart\1.2\accessors-smart-1.2.jar;D:\maventest_jar\org\ow2\asm\asm\5.0.4\asm-5.0.4.jar;D:\maventest_jar\org\slf4j\slf4j-api\1.7.25\slf4j-api-1.7.25.jar;D:\maventest_jar\junit\junit\4.12\junit-4.12.jar;D:\maventest_jar\org\assertj\assertj-core\3.9.1\assertj-core-3.9.1.jar;D:\maventest_jar\org\mockito\mockito-core\2.15.0\mockito-core-2.15.0.jar;D:\maventest_jar\net\bytebuddy\byte-buddy\1.7.11\byte-buddy-1.7.11.jar;D:\maventest_jar\net\bytebuddy\byte-buddy-agent\1.7.11\byte-buddy-agent-1.7.11.jar;D:\maventest_jar\org\objenesis\objenesis\2.6\objenesis-2.6.jar;D:\maventest_jar\org\hamcrest\hamcrest-core\1.3\hamcrest-core-1.3.jar;D:\maventest_jar\org\hamcrest\hamcrest-library\1.3\hamcrest-library-1.3.jar;D:\maventest_jar\org\skyscreamer\jsonassert\1.5.0\jsonassert-1.5.0.jar;D:\maventest_jar\com\vaadin\external\google\android-json\0.0.20131108.vaadin1\android-json-0.0.20131108.vaadin1.jar;D:\maventest_jar\org\springframework\spring-test\5.0.6.RELEASE\spring-test-5.0.6.RELEASE.jar;D:\maventest_jar\org\xmlunit\xmlunit-core\2.5.1\xmlunit-core-2.5.1.jar;"/>
    <property name="sun.cpu.endian" value="little"/>
    <property name="user.home" value="C:\Users\KSD"/>
    <property name="user.language" value="zh"/>
    <property name="java.specification.vendor" value="Oracle Corporation"/>
    <property name="java.home" value="C:\Program Files\Java\jdk1.8.0_66\jre"/>
    <property name="basedir" value="D:\workspacetest\ms-helloworld"/>
    <property name="file.separator" value="\"/>
    <property name="line.separator" value="&#10;"/>
    <property name="java.vm.specification.vendor" value="Oracle Corporation"/>
    <property name="java.specification.name" value="Java Platform API Specification"/>
    <property name="java.awt.graphicsenv" value="sun.awt.Win32GraphicsEnvironment"/>
    <property name="surefire.real.class.path" value="C:\Users\KSD\AppData\Local\Temp\surefire5384179600469736380\surefirebooter5582483255538743809.jar"/>
    <property name="sun.boot.class.path" value="C:\Program Files\Java\jdk1.8.0_66\jre\lib\resources.jar;C:\Program Files\Java\jdk1.8.0_66\jre\lib\rt.jar;C:\Program Files\Java\jdk1.8.0_66\jre\lib\sunrsasign.jar;C:\Program Files\Java\jdk1.8.0_66\jre\lib\jsse.jar;C:\Program Files\Java\jdk1.8.0_66\jre\lib\jce.jar;C:\Program Files\Java\jdk1.8.0_66\jre\lib\charsets.jar;C:\Program Files\Java\jdk1.8.0_66\jre\lib\jfr.jar;C:\Program Files\Java\jdk1.8.0_66\jre\classes"/>
    <property name="user.script" value=""/>
    <property name="sun.management.compiler" value="HotSpot 64-Bit Tiered Compilers"/>
    <property name="java.runtime.version" value="1.8.0_66-b18"/>
    <property name="user.name" value="KSD"/>
    <property name="path.separator" value=";"/>
    <property name="os.version" value="6.1"/>
    <property name="java.endorsed.dirs" value="C:\Program Files\Java\jdk1.8.0_66\jre\lib\endorsed"/>
    <property name="java.runtime.name" value="Java(TM) SE Runtime Environment"/>
    <property name="file.encoding" value="GBK"/>
    <property name="java.vm.name" value="Java HotSpot(TM) 64-Bit Server VM"/>
    <property name="localRepository" value="D:\maventest_jar"/>
    <property name="java.vendor.url.bug" value="http://bugreport.sun.com/bugreport/"/>
    <property name="java.io.tmpdir" value="C:\Users\KSD\AppData\Local\Temp\"/>
    <property name="java.version" value="1.8.0_66"/>
    <property name="user.dir" value="D:\workspacetest\ms-helloworld"/>
    <property name="os.arch" value="amd64"/>
    <property name="java.vm.specification.name" value="Java Virtual Machine Specification"/>
    <property name="java.awt.printerjob" value="sun.awt.windows.WPrinterJob"/>
    <property name="sun.os.patch.level" value="Service Pack 1"/>
    <property name="java.library.path" value="C:\Program Files\Java\jdk1.8.0_66\jre\bin;C:\Windows\Sun\Java\bin;C:\Windows\system32;C:\Windows;C:/Program Files/Java/jre1.8.0_66/bin/server;C:/Program Files/Java/jre1.8.0_66/bin;C:/Program Files/Java/jre1.8.0_66/lib/amd64;C:\ProgramData\Oracle\Java\javapath;C:\Windows\system32;C:\Windows;C:\Windows\System32\Wbem;C:\Windows\System32\WindowsPowerShell\v1.0\;C:\Program Files\Java\jdk1.8.0_66\bin;C:\Program Files\Java\jdk1.8.0_66\jre\bin;D:\software\maven\apache-maven-3.2.5\bin;D:\software\svn\bin;D:\software\eclipse;;."/>
    <property name="java.vm.info" value="mixed mode"/>
    <property name="java.vendor" value="Oracle Corporation"/>
    <property name="java.vm.version" value="25.66-b18"/>
    <property name="java.ext.dirs" value="C:\Program Files\Java\jdk1.8.0_66\jre\lib\ext;C:\Windows\Sun\Java\lib\ext"/>
    <property name="sun.io.unicode.encoding" value="UnicodeLittle"/>
    <property name="java.class.version" value="52.0"/>
  </properties>
  <testcase name="contextLoads" classname="com.example.demo.MsHelloworldApplicationTests" time="0.074"/>
</testsuite>